Testsuite: org.simpleframework.xml.core.ValidateTest
Tests run: 5, Failures: 0, Errors: 0, Time elapsed: 0.251 sec
------------- Standard Error -----------------
org.simpleframework.xml.core.ValueRequiredException: Unable to satisfy @org.simpleframework.xml.Attribute(required=true, empty=, name=version) on field 'version' private org.simpleframework.xml.core.ValidateTest$Version org.simpleframework.xml.core.ValidateTest$TextEntry.version for class org.simpleframework.xml.core.ValidateTest$TextEntry at line 5
	at org.simpleframework.xml.core.Composite.validate(Composite.java:977)
	at org.simpleframework.xml.core.Composite.validateAttributes(Composite.java:801)
	at org.simpleframework.xml.core.Composite.validateSection(Composite.java:776)
	at org.simpleframework.xml.core.Composite.validate(Composite.java:756)
	at org.simpleframework.xml.core.Composite.validate(Composite.java:732)
	at org.simpleframework.xml.core.Traverser.validate(Traverser.java:171)
	at org.simpleframework.xml.core.CompositeArray.validate(CompositeArray.java:218)
	at org.simpleframework.xml.core.CompositeArray.validate(CompositeArray.java:193)
	at org.simpleframework.xml.core.Composite.validate(Composite.java:951)
	at org.simpleframework.xml.core.Composite.validateUnion(Composite.java:934)
	at org.simpleframework.xml.core.Composite.validateElement(Composite.java:907)
	at org.simpleframework.xml.core.Composite.validateElements(Composite.java:829)
	at org.simpleframework.xml.core.Composite.validateSection(Composite.java:777)
	at org.simpleframework.xml.core.Composite.validate(Composite.java:756)
	at org.simpleframework.xml.core.Composite.validate(Composite.java:732)
	at org.simpleframework.xml.core.Traverser.validate(Traverser.java:171)
	at org.simpleframework.xml.core.Persister.validate(Persister.java:1126)
	at org.simpleframework.xml.core.Persister.validate(Persister.java:1106)
	at org.simpleframework.xml.core.Persister.validate(Persister.java:1083)
	at org.simpleframework.xml.core.Persister.validate(Persister.java:1060)
	at org.simpleframework.xml.core.Persister.validate(Persister.java:994)
	at org.simpleframework.xml.core.Persister.validate(Persister.java:898)
	at org.simpleframework.xml.core.ValidateTest.testVersionMissing(ValidateTest.java:86)
	at sun.reflect.NativeMethodAccessorImpl.invoke0(Native Method)
	at sun.reflect.NativeMethodAccessorImpl.invoke(NativeMethodAccessorImpl.java:39)
	at sun.reflect.DelegatingMethodAccessorImpl.invoke(DelegatingMethodAccessorImpl.java:25)
	at java.lang.reflect.Method.invoke(Method.java:592)
	at junit.framework.TestCase.runTest(TestCase.java:154)
	at junit.framework.TestCase.runBare(TestCase.java:127)
	at junit.framework.TestResult$1.protect(TestResult.java:106)
	at junit.framework.TestResult.runProtected(TestResult.java:124)
	at junit.framework.TestResult.run(TestResult.java:109)
	at junit.framework.TestCase.run(TestCase.java:118)
	at junit.framework.TestSuite.runTest(TestSuite.java:208)
	at junit.framework.TestSuite.run(TestSuite.java:203)
	at org.apache.tools.ant.taskdefs.optional.junit.JUnitTestRunner.run(JUnitTestRunner.java:422)
	at org.apache.tools.ant.taskdefs.optional.junit.JUnitTestRunner.launch(JUnitTestRunner.java:931)
	at org.apache.tools.ant.taskdefs.optional.junit.JUnitTestRunner.main(JUnitTestRunner.java:785)
org.simpleframework.xml.core.ValueRequiredException: Unable to satisfy @org.simpleframework.xml.Attribute(required=true, empty=, name=name) on field 'name' private java.lang.String org.simpleframework.xml.core.ValidateTest$TextEntry.name for class org.simpleframework.xml.core.ValidateTest$TextEntry at line 3
	at org.simpleframework.xml.core.Composite.validate(Composite.java:977)
	at org.simpleframework.xml.core.Composite.validateAttributes(Composite.java:801)
	at org.simpleframework.xml.core.Composite.validateSection(Composite.java:776)
	at org.simpleframework.xml.core.Composite.validate(Composite.java:756)
	at org.simpleframework.xml.core.Composite.validate(Composite.java:732)
	at org.simpleframework.xml.core.Traverser.validate(Traverser.java:171)
	at org.simpleframework.xml.core.CompositeArray.validate(CompositeArray.java:218)
	at org.simpleframework.xml.core.CompositeArray.validate(CompositeArray.java:193)
	at org.simpleframework.xml.core.Composite.validate(Composite.java:951)
	at org.simpleframework.xml.core.Composite.validateUnion(Composite.java:934)
	at org.simpleframework.xml.core.Composite.validateElement(Composite.java:907)
	at org.simpleframework.xml.core.Composite.validateElements(Composite.java:829)
	at org.simpleframework.xml.core.Composite.validateSection(Composite.java:777)
	at org.simpleframework.xml.core.Composite.validate(Composite.java:756)
	at org.simpleframework.xml.core.Composite.validate(Composite.java:732)
	at org.simpleframework.xml.core.Traverser.validate(Traverser.java:171)
	at org.simpleframework.xml.core.Persister.validate(Persister.java:1126)
	at org.simpleframework.xml.core.Persister.validate(Persister.java:1106)
	at org.simpleframework.xml.core.Persister.validate(Persister.java:1083)
	at org.simpleframework.xml.core.Persister.validate(Persister.java:1060)
	at org.simpleframework.xml.core.Persister.validate(Persister.java:994)
	at org.simpleframework.xml.core.Persister.validate(Persister.java:898)
	at org.simpleframework.xml.core.ValidateTest.testNameMissing(ValidateTest.java:99)
	at sun.reflect.NativeMethodAccessorImpl.invoke0(Native Method)
	at sun.reflect.NativeMethodAccessorImpl.invoke(NativeMethodAccessorImpl.java:39)
	at sun.reflect.DelegatingMethodAccessorImpl.invoke(DelegatingMethodAccessorImpl.java:25)
	at java.lang.reflect.Method.invoke(Method.java:592)
	at junit.framework.TestCase.runTest(TestCase.java:154)
	at junit.framework.TestCase.runBare(TestCase.java:127)
	at junit.framework.TestResult$1.protect(TestResult.java:106)
	at junit.framework.TestResult.runProtected(TestResult.java:124)
	at junit.framework.TestResult.run(TestResult.java:109)
	at junit.framework.TestCase.run(TestCase.java:118)
	at junit.framework.TestSuite.runTest(TestSuite.java:208)
	at junit.framework.TestSuite.run(TestSuite.java:203)
	at org.apache.tools.ant.taskdefs.optional.junit.JUnitTestRunner.run(JUnitTestRunner.java:422)
	at org.apache.tools.ant.taskdefs.optional.junit.JUnitTestRunner.launch(JUnitTestRunner.java:931)
	at org.apache.tools.ant.taskdefs.optional.junit.JUnitTestRunner.main(JUnitTestRunner.java:785)
org.simpleframework.xml.core.PersistenceException: Element 'array' declared twice at line 7
	at org.simpleframework.xml.core.Variable$Adapter.validate(Variable.java:466)
	at org.simpleframework.xml.core.Composite.validate(Composite.java:951)
	at org.simpleframework.xml.core.Composite.validateUnion(Composite.java:934)
	at org.simpleframework.xml.core.Composite.validateElement(Composite.java:907)
	at org.simpleframework.xml.core.Composite.validateElements(Composite.java:829)
	at org.simpleframework.xml.core.Composite.validateSection(Composite.java:777)
	at org.simpleframework.xml.core.Composite.validate(Composite.java:756)
	at org.simpleframework.xml.core.Composite.validate(Composite.java:732)
	at org.simpleframework.xml.core.Traverser.validate(Traverser.java:171)
	at org.simpleframework.xml.core.Persister.validate(Persister.java:1126)
	at org.simpleframework.xml.core.Persister.validate(Persister.java:1106)
	at org.simpleframework.xml.core.Persister.validate(Persister.java:1083)
	at org.simpleframework.xml.core.Persister.validate(Persister.java:1060)
	at org.simpleframework.xml.core.Persister.validate(Persister.java:994)
	at org.simpleframework.xml.core.Persister.validate(Persister.java:898)
	at org.simpleframework.xml.core.ValidateTest.testExtraElement(ValidateTest.java:125)
	at sun.reflect.NativeMethodAccessorImpl.invoke0(Native Method)
	at sun.reflect.NativeMethodAccessorImpl.invoke(NativeMethodAccessorImpl.java:39)
	at sun.reflect.DelegatingMethodAccessorImpl.invoke(DelegatingMethodAccessorImpl.java:25)
	at java.lang.reflect.Method.invoke(Method.java:592)
	at junit.framework.TestCase.runTest(TestCase.java:154)
	at junit.framework.TestCase.runBare(TestCase.java:127)
	at junit.framework.TestResult$1.protect(TestResult.java:106)
	at junit.framework.TestResult.runProtected(TestResult.java:124)
	at junit.framework.TestResult.run(TestResult.java:109)
	at junit.framework.TestCase.run(TestCase.java:118)
	at junit.framework.TestSuite.runTest(TestSuite.java:208)
	at junit.framework.TestSuite.run(TestSuite.java:203)
	at org.apache.tools.ant.taskdefs.optional.junit.JUnitTestRunner.run(JUnitTestRunner.java:422)
	at org.apache.tools.ant.taskdefs.optional.junit.JUnitTestRunner.launch(JUnitTestRunner.java:931)
	at org.apache.tools.ant.taskdefs.optional.junit.JUnitTestRunner.main(JUnitTestRunner.java:785)
------------- ---------------- ---------------

Testcase: testVersionMissing took 0.227 sec
Testcase: testNameMissing took 0.005 sec
Testcase: testTextMissing took 0.003 sec
Testcase: testExtraElement took 0.007 sec
Testcase: testDirectory took 0 sec
