Testsuite: org.simpleframework.xml.core.RedundantOrderTest
Tests run: 3, Failures: 0, Errors: 0, Time elapsed: 0.232 sec
------------- Standard Error -----------------
org.simpleframework.xml.core.ElementException: Element 'c' not defined in class org.simpleframework.xml.core.RedundantOrderTest$ElementEntry
	at org.simpleframework.xml.core.Composite.writeElements(Composite.java:1146)
	at org.simpleframework.xml.core.Composite.writeSection(Composite.java:1056)
	at org.simpleframework.xml.core.Composite.write(Composite.java:1026)
	at org.simpleframework.xml.core.Composite.write(Composite.java:1003)
	at org.simpleframework.xml.core.Traverser.write(Traverser.java:236)
	at org.simpleframework.xml.core.Traverser.write(Traverser.java:208)
	at org.simpleframework.xml.core.Traverser.write(Traverser.java:186)
	at org.simpleframework.xml.core.Persister.write(Persister.java:1187)
	at org.simpleframework.xml.core.Persister.write(Persister.java:1169)
	at org.simpleframework.xml.core.Persister.write(Persister.java:1147)
	at org.simpleframework.xml.core.Persister.write(Persister.java:1266)
	at org.simpleframework.xml.ValidationTestCase.validate(ValidationTestCase.java:95)
	at org.simpleframework.xml.core.RedundantOrderTest.testRedundantElementOrder(RedundantOrderTest.java:67)
	at sun.reflect.NativeMethodAccessorImpl.invoke0(Native Method)
	at sun.reflect.NativeMethodAccessorImpl.invoke(NativeMethodAccessorImpl.java:39)
	at sun.reflect.DelegatingMethodAccessorImpl.invoke(DelegatingMethodAccessorImpl.java:25)
	at java.lang.reflect.Method.invoke(Method.java:592)
	at junit.framework.TestCase.runTest(TestCase.java:154)
	at junit.framework.TestCase.runBare(TestCase.java:127)
	at junit.framework.TestResult$1.protect(TestResult.java:106)
	at junit.framework.TestResult.runProtected(TestResult.java:124)
	at junit.framework.TestResult.run(TestResult.java:109)
	at junit.framework.TestCase.run(TestCase.java:118)
	at junit.framework.TestSuite.runTest(TestSuite.java:208)
	at junit.framework.TestSuite.run(TestSuite.java:203)
	at org.apache.tools.ant.taskdefs.optional.junit.JUnitTestRunner.run(JUnitTestRunner.java:422)
	at org.apache.tools.ant.taskdefs.optional.junit.JUnitTestRunner.launch(JUnitTestRunner.java:931)
	at org.apache.tools.ant.taskdefs.optional.junit.JUnitTestRunner.main(JUnitTestRunner.java:785)
org.simpleframework.xml.core.AttributeException: Ordered attribute 'c' does not exist in class org.simpleframework.xml.core.RedundantOrderTest$AttributeEntry
	at org.simpleframework.xml.core.TreeModel.validateAttributes(TreeModel.java:373)
	at org.simpleframework.xml.core.TreeModel.validate(TreeModel.java:322)
	at org.simpleframework.xml.core.StructureBuilder.validateModel(StructureBuilder.java:491)
	at org.simpleframework.xml.core.StructureBuilder.validate(StructureBuilder.java:477)
	at org.simpleframework.xml.core.Scanner.validate(Scanner.java:393)
	at org.simpleframework.xml.core.Scanner.scan(Scanner.java:352)
	at org.simpleframework.xml.core.Scanner.<init>(Scanner.java:91)
	at org.simpleframework.xml.core.ScannerFactory.getInstance(ScannerFactory.java:66)
	at org.simpleframework.xml.core.Support.getScanner(Support.java:170)
	at org.simpleframework.xml.core.Support.getName(Support.java:232)
	at org.simpleframework.xml.core.Source.getName(Source.java:250)
	at org.simpleframework.xml.core.Traverser.getName(Traverser.java:284)
	at org.simpleframework.xml.core.Traverser.write(Traverser.java:203)
	at org.simpleframework.xml.core.Traverser.write(Traverser.java:186)
	at org.simpleframework.xml.core.Persister.write(Persister.java:1187)
	at org.simpleframework.xml.core.Persister.write(Persister.java:1169)
	at org.simpleframework.xml.core.Persister.write(Persister.java:1147)
	at org.simpleframework.xml.core.Persister.write(Persister.java:1266)
	at org.simpleframework.xml.ValidationTestCase.validate(ValidationTestCase.java:95)
	at org.simpleframework.xml.core.RedundantOrderTest.testRedundantAttributeOrder(RedundantOrderTest.java:81)
	at sun.reflect.NativeMethodAccessorImpl.invoke0(Native Method)
	at sun.reflect.NativeMethodAccessorImpl.invoke(NativeMethodAccessorImpl.java:39)
	at sun.reflect.DelegatingMethodAccessorImpl.invoke(DelegatingMethodAccessorImpl.java:25)
	at java.lang.reflect.Method.invoke(Method.java:592)
	at junit.framework.TestCase.runTest(TestCase.java:154)
	at junit.framework.TestCase.runBare(TestCase.java:127)
	at junit.framework.TestResult$1.protect(TestResult.java:106)
	at junit.framework.TestResult.runProtected(TestResult.java:124)
	at junit.framework.TestResult.run(TestResult.java:109)
	at junit.framework.TestCase.run(TestCase.java:118)
	at junit.framework.TestSuite.runTest(TestSuite.java:208)
	at junit.framework.TestSuite.run(TestSuite.java:203)
	at org.apache.tools.ant.taskdefs.optional.junit.JUnitTestRunner.run(JUnitTestRunner.java:422)
	at org.apache.tools.ant.taskdefs.optional.junit.JUnitTestRunner.launch(JUnitTestRunner.java:931)
	at org.apache.tools.ant.taskdefs.optional.junit.JUnitTestRunner.main(JUnitTestRunner.java:785)
------------- ---------------- ---------------

Testcase: testRedundantElementOrder took 0.209 sec
Testcase: testRedundantAttributeOrder took 0.013 sec
Testcase: testDirectory took 0.001 sec
